
################ Get echam files
#### activate conda env training
/home/ollie/qigao001/miniconda3/envs/training/bin/cdo
#### combine grib files
cdo    mergetime: Processed 6864 variables over 48 timesteps [20.81s 239MB].
#### grib2nc
cdo    copy: Processed 436217856 values from 143 variables over 48 timesteps [83.88s 31MB].
#### mon2am
cdo    timmean: Processed 436217856 values from 143 variables over 48 timesteps [17.83s 99MB].
#### mon2ann
cdo    yearmean: Processed 436217856 values from 143 variables over 51 timesteps [22.21s 99MB].
#### mon2mm
cdo    ymonmean: Processed 436217856 values from 143 variables over 48 timesteps [35.01s 864MB].
job done

################ Get wiso files
#### activate conda env training
/home/ollie/qigao001/miniconda3/envs/training/bin/cdo
#### combine grib files
cdo    mergetime: Processed 2064 variables over 48 timesteps [52.02s 153MB].
#### grib2nc
cdo    copy: Processed 1004175360 values from 43 variables over 48 timesteps [208.01s 29MB].
#### mon2am
cdo    timmean: Processed 1004175360 values from 43 variables over 48 timesteps [41.49s 185MB].
#### mon2ann
cdo    yearmean: Processed 1004175360 values from 43 variables over 51 timesteps [54.92s 185MB].
#### mon2mm
cdo    ymonmean: Processed 1004175360 values from 43 variables over 48 timesteps [82.48s 1946MB].
job done

################ Get wiso_d files
#### activate conda env training
/home/ollie/qigao001/miniconda3/envs/training/bin/cdo
#### mon echam + wiso ->  wiso_d
#### activate conda env training
/home/ollie/qigao001/miniconda3/envs/training/bin/cdo
Get ECHAM default fields
Get ECHAM water isotope fields
cdo(1) ifthen (Warning): Input parameters have different levels!
cdo(1) ifthen (Warning): Input parameters have different levels!
cdo(1) ifthen (Warning): Input parameters have different levels!
cdo(1) ifthen (Warning): Input parameters have different levels!
cdo(1) ifthen (Warning): Input parameters have different levels!
cdo(1) ifthen (Warning): Input parameters have different levels!
cdo(1) ifthen (Warning): Input parameters have different levels!
cdo(1) ifthen (Warning): Input parameters have different levels!
cdo(1) ifthen (Warning): Input parameters have different levels!
cdo(1) ifthen (Warning): Input parameters have different levels!
cdo(1) ifthen (Warning): Input parameters have different levels!
cdo(1) ifthen (Warning): Input parameters have different levels!
cdo(1) ifthen (Warning): Input parameters have different levels!
cdo(1) ifthen (Warning): Input parameters have different levels!
cdo(1) ifthen (Warning): Input parameters have different levels!
cdo(1) ifthen (Warning): Input parameters have different levels!
cdo(1) ifthen (Warning): Input parameters have different levels!
cdo(1) ifthen (Warning): Input parameters have different levels!
cdo(1) ifthen (Warning): Input parameters have different levels!
cdo(1) ifthen (Warning): Input parameters have different levels!
cdo(1) ifthen (Warning): Input parameters have different levels!
cdo(1) ifthen (Warning): Input parameters have different levels!
cdo(1) ifthen (Warning): Input parameters have different levels!
cdo(1) ifthen (Warning): Input parameters have different levels!
cdo(1) ifthen (Warning): Input parameters have different levels!
cdo(1) ifthen (Warning): Input parameters have different levels!
cdo(1) ifthen (Warning): Input parameters have different levels!
Calculate delta values of water isotope fields
Merge all files and clean up
#### am echam + wiso ->  wiso_d
#### activate conda env training
/home/ollie/qigao001/miniconda3/envs/training/bin/cdo
Get ECHAM default fields
Get ECHAM water isotope fields
cdo(1) ifthen (Warning): Input parameters have different levels!
cdo(1) ifthen (Warning): Input parameters have different levels!
cdo(1) ifthen (Warning): Input parameters have different levels!
cdo(1) ifthen (Warning): Input parameters have different levels!
cdo(1) ifthen (Warning): Input parameters have different levels!
cdo(1) ifthen (Warning): Input parameters have different levels!
cdo(1) ifthen (Warning): Input parameters have different levels!
cdo(1) ifthen (Warning): Input parameters have different levels!
cdo(1) ifthen (Warning): Input parameters have different levels!
cdo(1) ifthen (Warning): Input parameters have different levels!
cdo(1) ifthen (Warning): Input parameters have different levels!
cdo(1) ifthen (Warning): Input parameters have different levels!
cdo(1) ifthen (Warning): Input parameters have different levels!
cdo(1) ifthen (Warning): Input parameters have different levels!
cdo(1) ifthen (Warning): Input parameters have different levels!
cdo(1) ifthen (Warning): Input parameters have different levels!
cdo(1) ifthen (Warning): Input parameters have different levels!
cdo(1) ifthen (Warning): Input parameters have different levels!
cdo(1) ifthen (Warning): Input parameters have different levels!
cdo(1) ifthen (Warning): Input parameters have different levels!
cdo(1) ifthen (Warning): Input parameters have different levels!
cdo(1) ifthen (Warning): Input parameters have different levels!
cdo(1) ifthen (Warning): Input parameters have different levels!
cdo(1) ifthen (Warning): Input parameters have different levels!
cdo(1) ifthen (Warning): Input parameters have different levels!
cdo(1) ifthen (Warning): Input parameters have different levels!
cdo(1) ifthen (Warning): Input parameters have different levels!
Calculate delta values of water isotope fields
Merge all files and clean up
#### ann echam + wiso ->  wiso_d
#### activate conda env training
/home/ollie/qigao001/miniconda3/envs/training/bin/cdo
Get ECHAM default fields
Get ECHAM water isotope fields
cdo(1) ifthen (Warning): Input parameters have different levels!
cdo(1) ifthen (Warning): Input parameters have different levels!
cdo(1) ifthen (Warning): Input parameters have different levels!
cdo(1) ifthen (Warning): Input parameters have different levels!
cdo(1) ifthen (Warning): Input parameters have different levels!
cdo(1) ifthen (Warning): Input parameters have different levels!
cdo(1) ifthen (Warning): Input parameters have different levels!
cdo(1) ifthen (Warning): Input parameters have different levels!
cdo(1) ifthen (Warning): Input parameters have different levels!
cdo(1) ifthen (Warning): Input parameters have different levels!
cdo(1) ifthen (Warning): Input parameters have different levels!
cdo(1) ifthen (Warning): Input parameters have different levels!
cdo(1) ifthen (Warning): Input parameters have different levels!
cdo(1) ifthen (Warning): Input parameters have different levels!
cdo(1) ifthen (Warning): Input parameters have different levels!
cdo(1) ifthen (Warning): Input parameters have different levels!
cdo(1) ifthen (Warning): Input parameters have different levels!
cdo(1) ifthen (Warning): Input parameters have different levels!
cdo(1) ifthen (Warning): Input parameters have different levels!
cdo(1) ifthen (Warning): Input parameters have different levels!
cdo(1) ifthen (Warning): Input parameters have different levels!
cdo(1) ifthen (Warning): Input parameters have different levels!
cdo(1) ifthen (Warning): Input parameters have different levels!
cdo(1) ifthen (Warning): Input parameters have different levels!
cdo(1) ifthen (Warning): Input parameters have different levels!
cdo(1) ifthen (Warning): Input parameters have different levels!
cdo(1) ifthen (Warning): Input parameters have different levels!
Calculate delta values of water isotope fields
Merge all files and clean up
#### mm echam + wiso ->  wiso_d
#### activate conda env training
/home/ollie/qigao001/miniconda3/envs/training/bin/cdo
Get ECHAM default fields
Get ECHAM water isotope fields
cdo(1) ifthen (Warning): Input parameters have different levels!
cdo(1) ifthen (Warning): Input parameters have different levels!
cdo(1) ifthen (Warning): Input parameters have different levels!
cdo(1) ifthen (Warning): Input parameters have different levels!
cdo(1) ifthen (Warning): Input parameters have different levels!
cdo(1) ifthen (Warning): Input parameters have different levels!
cdo(1) ifthen (Warning): Input parameters have different levels!
cdo(1) ifthen (Warning): Input parameters have different levels!
cdo(1) ifthen (Warning): Input parameters have different levels!
cdo(1) ifthen (Warning): Input parameters have different levels!
cdo(1) ifthen (Warning): Input parameters have different levels!
cdo(1) ifthen (Warning): Input parameters have different levels!
cdo(1) ifthen (Warning): Input parameters have different levels!
cdo(1) ifthen (Warning): Input parameters have different levels!
cdo(1) ifthen (Warning): Input parameters have different levels!
cdo(1) ifthen (Warning): Input parameters have different levels!
cdo(1) ifthen (Warning): Input parameters have different levels!
cdo(1) ifthen (Warning): Input parameters have different levels!
cdo(1) ifthen (Warning): Input parameters have different levels!
cdo(1) ifthen (Warning): Input parameters have different levels!
cdo(1) ifthen (Warning): Input parameters have different levels!
cdo(1) ifthen (Warning): Input parameters have different levels!
cdo(1) ifthen (Warning): Input parameters have different levels!
cdo(1) ifthen (Warning): Input parameters have different levels!
cdo(1) ifthen (Warning): Input parameters have different levels!
cdo(1) ifthen (Warning): Input parameters have different levels!
cdo(1) ifthen (Warning): Input parameters have different levels!
Calculate delta values of water isotope fields
Merge all files and clean up
#### mon2am
cdo    timmean: Processed 57507840 values from 29 variables over 48 timesteps [1.50s 30MB].
#### mon2ann
cdo    yearmean: Processed 57507840 values from 29 variables over 51 timesteps [2.28s 30MB].
#### mon2mm
cdo    ymonmean: Processed 57507840 values from 29 variables over 48 timesteps [4.37s 173MB].
job done
